<?xml version="1.0" encoding="UTF-8"?>
<testsuite xmlns:xsi="http://www.w3.org/2001/XMLSchema-instance" xsi:noNamespaceSchemaLocation="https://maven.apache.org/surefire/maven-surefire-plugin/xsd/surefire-test-report.xsd" version="3.0.2" name="curso.PaginaDeDS.PaginaDeDsApplicationTests" time="6.466" tests="1" errors="0" skipped="0" failures="0">
  <properties>
[...]
</properties>
  <testcase name="contextLoads" classname="curso.PaginaDeDS.PaginaDeDsApplicationTests" time="0.496">
    <system-out><![CDATA[17:49:58.864 [main] INFO org.springframework.test.context.support.AnnotationConfigContextLoaderUtils -- Could not detect default configuration classes for test class [curso.PaginaDeDS.PaginaDeDsApplicationTests]: PaginaDeDsApplicationTests does not declare any static, non-private, non-final, nested classes annotated with @Configuration.
17:49:58.986 [main] INFO org.springframework.boot.test.context.SpringBootTestContextBootstrapper -- Found @SpringBootConfiguration curso.PaginaDeDS.PaginaDeDsApplication for test class curso.PaginaDeDS.PaginaDeDsApplicationTests
17:49:59.241 [main] INFO org.springframework.boot.devtools.restart.RestartApplicationListener -- Restart disabled due to context in which it is running

  .   ____          _            __ _ _
 /\\ / ___'_ __ _ _(_)_ __  __ _ \ \ \ \
( ( )\___ | '_ | '_| | '_ \/ _` | \ \ \ \
 \\/  ___)| |_)| | | | | || (_| |  ) ) ) )
  '  |____| .__|_| |_|_| |_\__, | / / / /
 =========|_|==============|___/=/_/_/_/

 :: Spring Boot ::                (v3.5.0)

2025-06-13T17:49:59.707-03:00  INFO 29700 --- [PaginaDeDS] [           main] c.PaginaDeDS.PaginaDeDsApplicationTests  : Starting PaginaDeDsApplicationTests using Java 23.0.1 with PID 29700 (started by lenovo in C:\Users\lenovo\IdeaProjects\PaginaDeDS)
2025-06-13T17:49:59.707-03:00  INFO 29700 --- [PaginaDeDS] [           main] c.PaginaDeDS.PaginaDeDsApplicationTests  : No active profile set, falling back to 1 default profile: "default"
2025-06-13T17:50:00.857-03:00  INFO 29700 --- [PaginaDeDS] [           main] .s.d.r.c.RepositoryConfigurationDelegate : Bootstrapping Spring Data JPA repositories in DEFAULT mode.
2025-06-13T17:50:00.912-03:00  INFO 29700 --- [PaginaDeDS] [           main] .s.d.r.c.RepositoryConfigurationDelegate : Finished Spring Data repository scanning in 46 ms. Found 1 JPA repository interface.
2025-06-13T17:50:01.535-03:00  INFO 29700 --- [PaginaDeDS] [           main] o.hibernate.jpa.internal.util.LogHelper  : HHH000204: Processing PersistenceUnitInfo [name: default]
2025-06-13T17:50:01.609-03:00  INFO 29700 --- [PaginaDeDS] [           main] org.hibernate.Version                    : HHH000412: Hibernate ORM core version 6.6.15.Final
2025-06-13T17:50:01.646-03:00  INFO 29700 --- [PaginaDeDS] [           main] o.h.c.internal.RegionFactoryInitiator    : HHH000026: Second-level cache disabled
2025-06-13T17:50:02.138-03:00  INFO 29700 --- [PaginaDeDS] [           main] o.s.o.j.p.SpringPersistenceUnitInfo      : No LoadTimeWeaver setup: ignoring JPA class transformer
2025-06-13T17:50:02.192-03:00  INFO 29700 --- [PaginaDeDS] [           main] com.zaxxer.hikari.HikariDataSource       : HikariPool-1 - Starting...
2025-06-13T17:50:02.428-03:00  INFO 29700 --- [PaginaDeDS] [           main] com.zaxxer.hikari.pool.HikariPool        : HikariPool-1 - Added connection com.mysql.cj.jdbc.ConnectionImpl@1d55dd21
2025-06-13T17:50:02.428-03:00  INFO 29700 --- [PaginaDeDS] [           main] com.zaxxer.hikari.HikariDataSource       : HikariPool-1 - Start completed.
2025-06-13T17:50:02.460-03:00  WARN 29700 --- [PaginaDeDS] [           main] org.hibernate.orm.deprecation            : HHH90000025: MySQL8Dialect does not need to be specified explicitly using 'hibernate.dialect' (remove the property setting and it will be selected by default)
2025-06-13T17:50:02.460-03:00  WARN 29700 --- [PaginaDeDS] [           main] org.hibernate.orm.deprecation            : HHH90000026: MySQL8Dialect has been deprecated; use org.hibernate.dialect.MySQLDialect instead
2025-06-13T17:50:02.485-03:00  INFO 29700 --- [PaginaDeDS] [           main] org.hibernate.orm.connections.pooling    : HHH10001005: Database info:
	Database JDBC URL [Connecting through datasource 'HikariDataSource (HikariPool-1)']
	Database driver: undefined/unknown
	Database version: 8.0
	Autocommit mode: undefined/unknown
	Isolation level: undefined/unknown
	Minimum pool size: undefined/unknown
	Maximum pool size: undefined/unknown
2025-06-13T17:50:03.294-03:00  INFO 29700 --- [PaginaDeDS] [           main] o.h.e.t.j.p.i.JtaPlatformInitiator       : HHH000489: No JTA platform available (set 'hibernate.transaction.jta.platform' to enable JTA platform integration)
2025-06-13T17:50:03.420-03:00  INFO 29700 --- [PaginaDeDS] [           main] j.LocalContainerEntityManagerFactoryBean : Initialized JPA EntityManagerFactory for persistence unit 'default'
2025-06-13T17:50:04.064-03:00  WARN 29700 --- [PaginaDeDS] [           main] JpaBaseConfiguration$JpaWebConfiguration : spring.jpa.open-in-view is enabled by default. Therefore, database queries may be performed during view rendering. Explicitly configure spring.jpa.open-in-view to disable this warning
2025-06-13T17:50:04.672-03:00  INFO 29700 --- [PaginaDeDS] [           main] c.PaginaDeDS.PaginaDeDsApplicationTests  : Started PaginaDeDsApplicationTests in 5.444 seconds (process running for 6.463)
]]></system-out>
    <system-err><![CDATA[Mockito is currently self-attaching to enable the inline-mock-maker. This will no longer work in future releases of the JDK. Please add Mockito as an agent to your build as described in Mockito's documentation: https://javadoc.io/doc/org.mockito/mockito-core/latest/org.mockito/org/mockito/Mockito.html#0.3
WARNING: A Java agent has been loaded dynamically (C:\Users\lenovo\.m2\repository\net\bytebuddy\byte-buddy-agent\1.17.5\byte-buddy-agent-1.17.5.jar)
WARNING: If a serviceability tool is in use, please run with -XX:+EnableDynamicAgentLoading to hide this warning
WARNING: If a serviceability tool is not in use, please run with -Djdk.instrument.traceUsage for more information
WARNING: Dynamic loading of agents will be disallowed by default in a future release
]]></system-err>
  </testcase>
</testsuite>